TensorBoard 1.15.0 at http://zzydty-OptiPlex-7080:6006/ (Press CTRL+C to quit)
E0403 12:32:45.207667 139797085550144 directory_watcher.py:189] Unable to get size of /home/zzydty/rl-starter-files/storage/DoorKey/events.out.tfevents.1680496349.zzydty-OptiPlex-7080: /home/zzydty/rl-starter-files/storage/DoorKey/events.out.tfevents.1680496349.zzydty-OptiPlex-7080; No such file or directory
W0403 12:33:01.173087 139797085550144 plugin_event_multiplexer.py:250] Deleting accumulator 'storage/DoorKey'
W0403 12:34:44.250653 139797085550144 plugin_event_multiplexer.py:250] Deleting accumulator 'storage/DoorKey'
W0403 12:35:10.912951 139797085550144 plugin_event_multiplexer.py:250] Deleting accumulator 'storage/DoorKey'
W0403 12:43:20.282510 139797085550144 plugin_event_multiplexer.py:250] Deleting accumulator 'storage/DoorKey'
W0403 13:00:14.929348 139797085550144 plugin_event_multiplexer.py:250] Deleting accumulator 'storage/MiniGrid-SimpleCrossingS9N1-v0_a2c_seed1_23-04-03-12-53-15'
W0403 13:00:14.929460 139797085550144 plugin_event_multiplexer.py:250] Deleting accumulator 'storage/MiniGrid-SimpleCrossingS9N1-v0_a2c_seed1_23-04-03-12-59-32'
TensorFlow installation not found - running with reduced feature set.

NOTE: Using experimental fast data loading logic. To disable, pass
    "--load_fast=false" and report issues on GitHub. More details:
    https://github.com/tensorflow/tensorboard/issues/4784

Serving TensorBoard on localhost; to expose to the network, use a proxy or pass --bind_all
TensorBoard 2.11.2 at http://localhost:6006/ (Press CTRL+C to quit)
TensorFlow installation not found - running with reduced feature set.

NOTE: Using experimental fast data loading logic. To disable, pass
    "--load_fast=false" and report issues on GitHub. More details:
    https://github.com/tensorflow/tensorboard/issues/4784

Serving TensorBoard on localhost; to expose to the network, use a proxy or pass --bind_all
TensorBoard 2.11.2 at http://localhost:6006/ (Press CTRL+C to quit)
